c:\users\rtx\documents\bulletmanager\bulletmanager\platformer\x64\debug\vc142.pdb
c:\users\rtx\documents\bulletmanager\bulletmanager\platformer\x64\debug\vc142.idb
c:\users\rtx\documents\bulletmanager\bulletmanager\platformer\x64\debug\wall.obj
c:\users\rtx\documents\bulletmanager\bulletmanager\platformer\x64\debug\main.obj
c:\users\rtx\documents\bulletmanager\bulletmanager\platformer\x64\debug\multithreadfunc.obj
c:\users\rtx\documents\bulletmanager\bulletmanager\platformer\x64\debug\bulletmanager.obj
c:\users\rtx\documents\bulletmanager\bulletmanager\platformer\x64\debug\bullet.obj
c:\users\rtx\documents\bulletmanager\bulletmanager\platformer\x64\debug\functions.obj
c:\users\rtx\downloads\bulletmanager-master\platformer\x64\debug\vc142.pdb
c:\users\rtx\downloads\bulletmanager-master\platformer\x64\debug\vc142.idb
c:\users\rtx\downloads\bulletmanager-master\platformer\x64\debug\wall.obj
c:\users\rtx\downloads\bulletmanager-master\platformer\x64\debug\main.obj
c:\users\rtx\downloads\bulletmanager-master\platformer\x64\debug\functions.obj
c:\users\rtx\downloads\bulletmanager-master\platformer\x64\debug\bulletmanager.obj
c:\users\rtx\downloads\bulletmanager-master\platformer\x64\debug\bullet.obj
c:\users\rtx\downloads\bulletmanager-master\platformer\x64\debug\inputthread.obj
c:\users\rtx\downloads\bulletmanager-master\x64\debug\bulletmanager.exe
c:\users\rtx\downloads\bulletmanager-master\x64\debug\bulletmanager.ilk
c:\users\rtx\downloads\bulletmanager-master\x64\debug\bulletmanager.pdb
c:\users\rtx\downloads\bulletmanager-master\platformer\x64\debug\multithreadfunc.obj
c:\users\rtx\downloads\bulletmanager-master\platformer\x64\debug\vc141.idb
c:\users\rtx\downloads\bulletmanager-master\platformer\x64\debug\vc141.pdb
c:\users\rtx\downloads\bulletmanager-master\platformer\x64\debug\bulletmanager.tlog\cl.command.1.tlog
c:\users\rtx\downloads\bulletmanager-master\platformer\x64\debug\bulletmanager.tlog\cl.read.1.tlog
c:\users\rtx\downloads\bulletmanager-master\platformer\x64\debug\bulletmanager.tlog\cl.write.1.tlog
c:\users\rtx\downloads\bulletmanager-master\platformer\x64\debug\bulletmanager.tlog\link.command.1.tlog
c:\users\rtx\downloads\bulletmanager-master\platformer\x64\debug\bulletmanager.tlog\link.read.1.tlog
c:\users\rtx\downloads\bulletmanager-master\platformer\x64\debug\bulletmanager.tlog\link.write.1.tlog
